#
# A fatal error has been detected by the Java Runtime Environment:
#
#  SIGSEGV (0xb) at pc=0x000000010636496e, pid=2508, tid=775
#
# JRE version: Java(TM) SE Runtime Environment (8.0_51-b16) (build 1.8.0_51-b16)
# Java VM: Java HotSpot(TM) 64-Bit Server VM (25.51-b03 mixed mode bsd-amd64 compressed oops)
# Problematic frame:
# V  [libjvm.dylib+0x16496e]  ThreadStateTransition::trans_from_native(JavaThreadState)+0xa
#
# Failed to write core dump. Core dumps have been disabled. To enable core dumping, try "ulimit -c unlimited" before starting Java again
#
# If you would like to submit a bug report, please visit:
#   http://bugreport.java.com/bugreport/crash.jsp
#

---------------  T H R E A D  ---------------

Current thread is native thread

siginfo: si_signo: 11 (SIGSEGV), si_code: 1 (SEGV_MAPERR), si_addr: 0x0000000000000270

Registers:
RAX=0x0000000000000000, RBX=0x0000000000000000, RCX=0x00000001065062e9, RDX=0x00007fbd521b79f8
RSP=0x00007ffeeaa61610, RBP=0x00007ffeeaa61620, RSI=0x0000000000000006, RDI=0x00007ffeeaa61660
R8 =0x00007fbd55863030, R9 =0x0000000000000000, R10=0x00007fff84bd0e88, R11=0x00007fbd56b117b0
R12=0x00007fbd521b79f8, R13=0x00007fbd56e004f0, R14=0x00007fbd521b79f8, R15=0x0000000000000000
RIP=0x000000010636496e, EFLAGS=0x0000000000010246, ERR=0x0000000000000006
  TRAPNO=0x000000000000000e

Top of Stack: (sp=0x00007ffeeaa61610)
0x00007ffeeaa61610:   00007fbd51850880 00007fbd521b79f8
0x00007ffeeaa61620:   00007ffeeaa61680 0000000106506319
0x00007ffeeaa61630:   00007fbd505ae700 00007fbd58f209e0
0x00007ffeeaa61640:   00007fbd50962600 00007fbd58f209e0
0x00007ffeeaa61650:   00007ffeeaa61680 000000012af3c769
0x00007ffeeaa61660:   0000000000000000 00007fbd505ae700
0x00007ffeeaa61670:   00007fbd50962600 00007fbd58f209e0
0x00007ffeeaa61680:   00007ffeeaa616e0 000000012c7aa95f
0x00007ffeeaa61690:   00007fff2843153e 0000000000000000
0x00007ffeeaa616a0:   40c8fb3b970ee54c 00007fbd50962600
0x00007ffeeaa616b0:   00007ffeeaa616e0 00007fff50ecce80
0x00007ffeeaa616c0:   00007fbd58f209e0 00007fbd56e004f0
0x00007ffeeaa616d0:   00007fbd58f21300 00007fbd50962600
0x00007ffeeaa616e0:   00007ffeeaa61790 00007fff3534696e
0x00007ffeeaa616f0:   00007fbd58f209e0 0000000000000000
0x00007ffeeaa61700:   0000000000000000 00007fbd58f209e0
0x00007ffeeaa61710:   0000000000000000 0000000000000000
0x00007ffeeaa61720:   00007ffeeaa61770 000003ec00000004
0x00007ffeeaa61730:   0000000000000000 40c8fb3b970ee54c
0x00007ffeeaa61740:   00007fbd518539d0 0000000000000000
0x00007ffeeaa61750:   0000000000000000 00007ffeeaa61770
0x00007ffeeaa61760:   00007fbd58f209e0 00007fff50ecce80
0x00007ffeeaa61770:   0000000000000004 0000000000000000
0x00007ffeeaa61780:   00007fbd58f209e0 00007fff2843153e
0x00007ffeeaa61790:   00007ffeeaa61800 00007fff35345fcf
0x00007ffeeaa617a0:   0000000000000000 0000000000000000
0x00007ffeeaa617b0:   408aa00000000000 407f600000000000
0x00007ffeeaa617c0:   407f600000000000 408aa00000000000
0x00007ffeeaa617d0:   4000000000000000 00007ffeeaa618d0
0x00007ffeeaa617e0:   00007fff50ecce80 0000000000000000
0x00007ffeeaa617f0:   00007fff28433539 00007fbd56a005c0
0x00007ffeeaa61800:   00007ffeeaa628d0 00007fff352e7d3b 

Instructions: (pc=0x000000010636496e)
0x000000010636494e:   0e 48 8b 0b 49 8b 56 18 48 63 c0 48 89 0c c2 5b
0x000000010636495e:   41 5e 5d c3 90 90 55 48 89 e5 41 56 53 48 8b 1f
0x000000010636496e:   c7 83 70 02 00 00 05 00 00 00 48 8d 05 b9 d3 75
0x000000010636497e:   00 8b 00 83 f8 01 41 89 f6 75 0c 48 8d 0d 06 3b 

Register to memory mapping:

RAX=0x0000000000000000 is an unknown value
RBX=0x0000000000000000 is an unknown value
RCX=0x00000001065062e9: jni_NewLocalRef+0 in /Library/Java/JavaVirtualMachines/jdk1.8.0_51.jdk/Contents/Home/jre/lib/server/libjvm.dylib at 0x0000000106200000
RDX=0x00007fbd521b79f8 is an unknown value
RSP=0x00007ffeeaa61610 is an unknown value
RBP=0x00007ffeeaa61620 is an unknown value
RSI=0x0000000000000006 is an unknown value
RDI=0x00007ffeeaa61660 is an unknown value
R8 =0x00007fbd55863030 is an unknown value
R9 =0x0000000000000000 is an unknown value
R10=0x00007fff84bd0e88: OBJC_CLASS_$_JNFJObjectWrapper+0 in /System/Library/Frameworks/JavaVM.framework/Versions/A/Frameworks/JavaNativeFoundation.framework/Versions/A/JavaNativeFoundation at 0x00007fff2dd92000
R11=0x00007fbd56b117b0 is an unknown value
R12=0x00007fbd521b79f8 is an unknown value
R13=0x00007fbd56e004f0 is an unknown value
R14=0x00007fbd521b79f8 is an unknown value
R15=0x0000000000000000 is an unknown value


Stack: [0x00007ffeea266000,0x00007ffeeaa66000],  sp=0x00007ffeeaa61610,  free space=8173k
Native frames: (J=compiled Java code, j=interpreted, Vv=VM code, C=native code)
V  [libjvm.dylib+0x16496e]  ThreadStateTransition::trans_from_native(JavaThreadState)+0xa
V  [libjvm.dylib+0x306319]  jni_NewLocalRef+0x30
C  [libawt_lwawt.dylib+0x1995f]  -[CGLLayer drawInCGLContext:pixelFormat:forLayerTime:displayTime:]+0xee
C  [QuartzCore+0x7096e]  CAOpenGLLayerDraw(CAOpenGLLayer*, double, CVTimeStamp const*, unsigned int)+0x7a7
C  [QuartzCore+0x6ffcf]  -[CAOpenGLLayer _display]+0x235
C  [QuartzCore+0x11d3b]  CA::Layer::display_if_needed(CA::Transaction*)+0x279
C  [QuartzCore+0x117f9]  CA::Layer::layout_and_display_if_needed(CA::Transaction*)+0x23
C  [QuartzCore+0x10894]  CA::Context::commit_transaction(CA::Transaction*)+0x146
C  [QuartzCore+0x1043d]  CA::Transaction::commit()+0x1e7
C  [QuartzCore+0x1bf32]  CA::Transaction::observer_callback(__CFRunLoopObserver*, unsigned long, void*)+0x42
C  [CoreFoundation+0xa3127]  __CFRUNLOOP_IS_CALLING_OUT_TO_AN_OBSERVER_CALLBACK_FUNCTION__+0x17
C  [CoreFoundation+0xa304f]  __CFRunLoopDoObservers+0x20f
C  [CoreFoundation+0x85810]  __CFRunLoopRun+0x640
C  [CoreFoundation+0x84f43]  CFRunLoopRunSpecific+0x1e3
C  [java+0x6463]  CreateExecutionEnvironment+0x367
C  [java+0x21ac]  JLI_Launch+0x7a0
C  [java+0x84c0]  main+0x65
C  [java+0x1a04]  start+0x34


---------------  P R O C E S S  ---------------

VM state:not at safepoint (normal execution)

VM Mutex/Monitor currently owned by a thread: None

Heap:
 PSYoungGen      total 76288K, used 7765K [0x000000076ab00000, 0x0000000774000000, 0x00000007c0000000)
  eden space 65536K, 11% used [0x000000076ab00000,0x000000076b295718,0x000000076eb00000)
  from space 10752K, 0% used [0x000000076f580000,0x000000076f580000,0x0000000770000000)
  to   space 10752K, 0% used [0x000000076eb00000,0x000000076eb00000,0x000000076f580000)
 ParOldGen       total 150528K, used 27953K [0x00000006c0000000, 0x00000006c9300000, 0x000000076ab00000)
  object space 150528K, 18% used [0x00000006c0000000,0x00000006c1b4c4c0,0x00000006c9300000)
 Metaspace       used 22008K, capacity 22702K, committed 22912K, reserved 1069056K
  class space    used 2973K, capacity 3142K, committed 3200K, reserved 1048576K

Card table byte_map: [0x00000001075f2000,0x0000000107df3000] byte_map_base: 0x0000000103ff2000

Marking Bits: (ParMarkBitMap*) 0x0000000106ac27a0
 Begin Bits: [0x000000011e145000, 0x0000000122145000)
 End Bits:   [0x0000000122145000, 0x0000000126145000)

Polling page: 0x00000001051e9000

CodeCache: size=245760Kb used=4911Kb max_used=4963Kb free=240849Kb
 bounds [0x000000010f145000, 0x000000010f625000, 0x000000011e145000]
 total_blobs=2354 nmethods=1544 adapters=723
 compilation: enabled

Compilation events (10 events):
Event: 7.006 Thread 0x00007fbd54001000 1582       3       java.lang.StrictMath::floor (12 bytes)
Event: 7.006 Thread 0x00007fbd54001000 nmethod 1582 0x000000010f25e690 code [0x000000010f25e820, 0x000000010f25e9a8]
Event: 7.006 Thread 0x00007fbd54001000 1584       3       java.lang.invoke.TypeConvertingMethodAdapter::descriptorToName (36 bytes)
Event: 7.007 Thread 0x00007fbd54001000 nmethod 1584 0x000000010f32c050 code [0x000000010f32c220, 0x000000010f32c9c8]
Event: 7.013 Thread 0x00007fbd54001000 1588       1       java.awt.Component::getWidth (5 bytes)
Event: 7.013 Thread 0x00007fbd54001000 nmethod 1588 0x000000010f3a0d50 code [0x000000010f3a0ea0, 0x000000010f3a0fb0]
Event: 7.013 Thread 0x00007fbd54001000 1589       1       java.awt.Component::getHeight (5 bytes)
Event: 7.013 Thread 0x00007fbd54001000 nmethod 1589 0x000000010f3a0a90 code [0x000000010f3a0be0, 0x000000010f3a0cf0]
Event: 7.017 Thread 0x00007fbd54001000 1591       3       sun.java2d.pipe.RenderBuffer::putInt (26 bytes)
Event: 7.017 Thread 0x00007fbd54001000 nmethod 1591 0x000000010f32b990 code [0x000000010f32bb00, 0x000000010f32bc70]

GC Heap History (6 events):
Event: 6.023 GC heap before
{Heap before GC invocations=1 (full 0):
 PSYoungGen      total 76288K, used 53770K [0x000000076ab00000, 0x0000000770000000, 0x00000007c0000000)
  eden space 65536K, 82% used [0x000000076ab00000,0x000000076df82a78,0x000000076eb00000)
  from space 10752K, 0% used [0x000000076f580000,0x000000076f580000,0x0000000770000000)
  to   space 10752K, 0% used [0x000000076eb00000,0x000000076eb00000,0x000000076f580000)
 ParOldGen       total 175104K, used 0K [0x00000006c0000000, 0x00000006cab00000, 0x000000076ab00000)
  object space 175104K, 0% used [0x00000006c0000000,0x00000006c0000000,0x00000006cab00000)
 Metaspace       used 19198K, capacity 19898K, committed 20224K, reserved 1067008K
  class space    used 2582K, capacity 2743K, committed 2816K, reserved 1048576K
Event: 6.028 GC heap after
Heap after GC invocations=1 (full 0):
 PSYoungGen      total 76288K, used 5173K [0x000000076ab00000, 0x0000000770000000, 0x00000007c0000000)
  eden space 65536K, 0% used [0x000000076ab00000,0x000000076ab00000,0x000000076eb00000)
  from space 10752K, 48% used [0x000000076eb00000,0x000000076f00d530,0x000000076f580000)
  to   space 10752K, 0% used [0x000000076f580000,0x000000076f580000,0x0000000770000000)
 ParOldGen       total 175104K, used 80K [0x00000006c0000000, 0x00000006cab00000, 0x000000076ab00000)
  object space 175104K, 0% used [0x00000006c0000000,0x00000006c0014010,0x00000006cab00000)
 Metaspace       used 19198K, capacity 19898K, committed 20224K, reserved 1067008K
  class space    used 2582K, capacity 2743K, committed 2816K, reserved 1048576K
}
Event: 6.145 GC heap before
{Heap before GC invocations=2 (full 0):
 PSYoungGen      total 76288K, used 32995K [0x000000076ab00000, 0x0000000770000000, 0x00000007c0000000)
  eden space 65536K, 42% used [0x000000076ab00000,0x000000076c62ba80,0x000000076eb00000)
  from space 10752K, 48% used [0x000000076eb00000,0x000000076f00d530,0x000000076f580000)
  to   space 10752K, 0% used [0x000000076f580000,0x000000076f580000,0x0000000770000000)
 ParOldGen       total 175104K, used 80K [0x00000006c0000000, 0x00000006cab00000, 0x000000076ab00000)
  object space 175104K, 0% used [0x00000006c0000000,0x00000006c0014010,0x00000006cab00000)
 Metaspace       used 20528K, capacity 21192K, committed 21296K, reserved 1067008K
  class space    used 2772K, capacity 2939K, committed 2944K, reserved 1048576K
Event: 6.165 GC heap after
Heap after GC invocations=2 (full 0):
 PSYoungGen      total 76288K, used 6583K [0x000000076ab00000, 0x0000000774000000, 0x00000007c0000000)
  eden space 65536K, 0% used [0x000000076ab00000,0x000000076ab00000,0x000000076eb00000)
  from space 10752K, 61% used [0x000000076f580000,0x000000076fbedf10,0x0000000770000000)
  to   space 10752K, 0% used [0x000000076eb00000,0x000000076eb00000,0x000000076f580000)
 ParOldGen       total 175104K, used 43152K [0x00000006c0000000, 0x00000006cab00000, 0x000000076ab00000)
  object space 175104K, 24% used [0x00000006c0000000,0x00000006c2a24030,0x00000006cab00000)
 Metaspace       used 20528K, capacity 21192K, committed 21296K, reserved 1067008K
  class space    used 2772K, capacity 2939K, committed 2944K, reserved 1048576K
}
Event: 6.165 GC heap before
{Heap before GC invocations=3 (full 1):
 PSYoungGen      total 76288K, used 6583K [0x000000076ab00000, 0x0000000774000000, 0x00000007c0000000)
  eden space 65536K, 0% used [0x000000076ab00000,0x000000076ab00000,0x000000076eb00000)
  from space 10752K, 61% used [0x000000076f580000,0x000000076fbedf10,0x0000000770000000)
  to   space 10752K, 0% used [0x000000076eb00000,0x000000076eb00000,0x000000076f580000)
 ParOldGen       total 175104K, used 43152K [0x00000006c0000000, 0x00000006cab00000, 0x000000076ab00000)
  object space 175104K, 24% used [0x00000006c0000000,0x00000006c2a24030,0x00000006cab00000)
 Metaspace       used 20528K, capacity 21192K, committed 21296K, reserved 1067008K
  class space    used 2772K, capacity 2939K, committed 2944K, reserved 1048576K
Event: 6.183 GC heap after
Heap after GC invocations=3 (full 1):
 PSYoungGen      total 76288K, used 0K [0x000000076ab00000, 0x0000000774000000, 0x00000007c0000000)
  eden space 65536K, 0% used [0x000000076ab00000,0x000000076ab00000,0x000000076eb00000)
  from space 10752K, 0% used [0x000000076f580000,0x000000076f580000,0x0000000770000000)
  to   space 10752K, 0% used [0x000000076eb00000,0x000000076eb00000,0x000000076f580000)
 ParOldGen       total 150528K, used 27953K [0x00000006c0000000, 0x00000006c9300000, 0x000000076ab00000)
  object space 150528K, 18% used [0x00000006c0000000,0x00000006c1b4c4c0,0x00000006c9300000)
 Metaspace       used 20528K, capacity 21192K, committed 21296K, reserved 1067008K
  class space    used 2772K, capacity 2939K, committed 2944K, reserved 1048576K
}

Deoptimization events (10 events):
Event: 0.873 Thread 0x00007fbd521b7800 Uncommon trap: reason=class_check action=maybe_recompile pc=0x000000010f2647d8 method=java.lang.String.equals(Ljava/lang/Object;)Z @ 8
Event: 0.889 Thread 0x00007fbd521b7800 Uncommon trap: reason=unstable_if action=reinterpret pc=0x000000010f417920 method=sun.net.www.ParseUtil.encodePath(Ljava/lang/String;Z)Ljava/lang/String; @ 109
Event: 0.918 Thread 0x00007fbd521b7800 Uncommon trap: reason=unstable_if action=reinterpret pc=0x000000010f4680d0 method=java.util.HashMap.putVal(ILjava/lang/Object;Ljava/lang/Object;ZZ)Ljava/lang/Object; @ 193
Event: 2.632 Thread 0x00007fbd521b7800 Uncommon trap: reason=unstable_if action=reinterpret pc=0x000000010f48d3bc method=jdk.internal.org.objectweb.asm.Type.getArgumentsAndReturnSizes(Ljava/lang/String;)I @ 47
Event: 6.023 Thread 0x00007fbd521b7800 Uncommon trap: reason=bimorphic action=maybe_recompile pc=0x000000010f456f54 method=java.io.DataInputStream.readShort()S @ 4
Event: 6.023 Thread 0x00007fbd521b7800 Uncommon trap: reason=bimorphic action=maybe_recompile pc=0x000000010f456f54 method=java.io.DataInputStream.readShort()S @ 4
Event: 6.023 Thread 0x00007fbd521b7800 Uncommon trap: reason=bimorphic action=maybe_recompile pc=0x000000010f456f54 method=java.io.DataInputStream.readShort()S @ 4
Event: 6.023 Thread 0x00007fbd521b7800 Uncommon trap: reason=bimorphic action=maybe_recompile pc=0x000000010f456f54 method=java.io.DataInputStream.readShort()S @ 4
Event: 6.124 Thread 0x00007fbd521b7800 Uncommon trap: reason=unstable_if action=reinterpret pc=0x000000010f4b6bf4 method=java.lang.AbstractStringBuilder.append(Ljava/lang/String;)Ljava/lang/AbstractStringBuilder; @ 1
Event: 6.124 Thread 0x00007fbd521b7800 Uncommon trap: reason=unstable_if action=reinterpret pc=0x000000010f36b4a8 method=java.lang.AbstractStringBuilder.append(Ljava/lang/String;)Ljava/lang/AbstractStringBuilder; @ 1

Internal exceptions (10 events):
Event: 0.743 Thread 0x00007fbd521b7800 Exception <a 'java/lang/ArrayIndexOutOfBoundsException'> (0x000000076c930478) thrown at [/Users/java_re/workspace/8-2-build-macosx-x86_64/jdk8u51/3951/hotspot/src/share/vm/runtime/sharedRuntime.cpp, line 605]
Event: 0.764 Thread 0x00007fbd521b7800 Exception <a 'java/io/FileNotFoundException'> (0x000000076ca6e480) thrown at [/Users/java_re/workspace/8-2-build-macosx-x86_64/jdk8u51/3951/hotspot/src/share/vm/prims/jni.cpp, line 709]
Event: 0.813 Thread 0x00007fbd521b7800 Implicit null exception at 0x000000010f4009b5 to 0x000000010f400bed
Event: 0.884 Thread 0x00007fbd521b7800 Exception <a 'java/io/FileNotFoundException'> (0x000000076cf3af58) thrown at [/Users/java_re/workspace/8-2-build-macosx-x86_64/jdk8u51/3951/hotspot/src/share/vm/prims/jni.cpp, line 709]
Event: 0.884 Thread 0x00007fbd521b7800 Exception <a 'java/io/FileNotFoundException'> (0x000000076cf3c0f8) thrown at [/Users/java_re/workspace/8-2-build-macosx-x86_64/jdk8u51/3951/hotspot/src/share/vm/prims/jni.cpp, line 709]
Event: 5.866 Thread 0x00007fbd521b7800 Exception <a 'java/io/FileNotFoundException'> (0x000000076d9b8a20) thrown at [/Users/java_re/workspace/8-2-build-macosx-x86_64/jdk8u51/3951/hotspot/src/share/vm/prims/jni.cpp, line 709]
Event: 5.866 Thread 0x00007fbd521b7800 Exception <a 'java/io/FileNotFoundException'> (0x000000076d9b9820) thrown at [/Users/java_re/workspace/8-2-build-macosx-x86_64/jdk8u51/3951/hotspot/src/share/vm/prims/jni.cpp, line 709]
Event: 6.124 Thread 0x00007fbd521b7800 Implicit null exception at 0x000000010f4b6875 to 0x000000010f4b6be1
Event: 6.124 Thread 0x00007fbd521b7800 Implicit null exception at 0x000000010f36b135 to 0x000000010f36b495
Event: 6.187 Thread 0x00007fbd52819800 Exception <a 'java/lang/NullPointerException'> (0x000000076abf7b80) thrown at [/Users/java_re/workspace/8-2-build-macosx-x86_64/jdk8u51/3951/hotspot/src/share/vm/interpreter/linkResolver.cpp, line 1178]

Events (10 events):
Event: 7.012 loading class sun/java2d/loops/FontInfo done
Event: 7.018 loading class java/awt/Container$MouseEventTargetFilter
Event: 7.018 loading class java/awt/Container$EventTargetFilter
Event: 7.018 loading class java/awt/Container$EventTargetFilter done
Event: 7.018 loading class java/awt/Container$MouseEventTargetFilter done
Event: 7.018 loading class java/awt/LightweightDispatcher$1
Event: 7.018 loading class java/awt/LightweightDispatcher$1 done
Event: 7.018 loading class java/awt/im/InputContext
Event: 7.018 loading class java/awt/im/InputContext done
Event: 7.018 loading class sun/awt/im/InputMethodContext


Dynamic libraries:
0x000000000278c000 	/System/Library/Frameworks/Cocoa.framework/Versions/A/Cocoa
0x000000000278c000 	/System/Library/Frameworks/Security.framework/Versions/A/Security
0x000000000278c000 	/System/Library/Frameworks/ApplicationServices.framework/Versions/A/ApplicationServices
0x000000000278c000 	/usr/lib/libz.1.dylib
0x000000000278c000 	/usr/lib/libSystem.B.dylib
0x000000000278c000 	/usr/lib/libobjc.A.dylib
0x000000000278c000 	/System/Library/Frameworks/CoreFoundation.framework/Versions/A/CoreFoundation
0x000000000278c000 	/System/Library/Frameworks/Foundation.framework/Versions/C/Foundation
0x000000000278c000 	/System/Library/Frameworks/AppKit.framework/Versions/C/AppKit
0x000000000278c000 	/System/Library/Frameworks/CoreData.framework/Versions/A/CoreData
0x000000000278c000 	/System/Library/PrivateFrameworks/RemoteViewServices.framework/Versions/A/RemoteViewServices
0x000000000278c000 	/System/Library/PrivateFrameworks/UIFoundation.framework/Versions/A/UIFoundation
0x000000000278c000 	/System/Library/PrivateFrameworks/DFRFoundation.framework/Versions/A/DFRFoundation
0x000000000278c000 	/System/Library/Frameworks/Metal.framework/Versions/A/Metal
0x000000000278c000 	/System/Library/PrivateFrameworks/DesktopServicesPriv.framework/Versions/A/DesktopServicesPriv
0x000000000278c000 	/usr/lib/libenergytrace.dylib
0x000000000278c000 	/System/Library/PrivateFrameworks/SkyLight.framework/Versions/A/SkyLight
0x000000000278c000 	/System/Library/Frameworks/CoreGraphics.framework/Versions/A/CoreGraphics
0x000000000278c000 	/usr/lib/libScreenReader.dylib
0x000000000278c000 	/System/Library/Frameworks/Accelerate.framework/Versions/A/Accelerate
0x000000000278c000 	/System/Library/Frameworks/IOSurface.framework/Versions/A/IOSurface
0x000000000278c000 	/System/Library/Frameworks/AudioToolbox.framework/Versions/A/AudioToolbox
0x000000000278c000 	/System/Library/Frameworks/AudioUnit.framework/Versions/A/AudioUnit
0x000000000278c000 	/System/Library/PrivateFrameworks/DataDetectorsCore.framework/Versions/A/DataDetectorsCore
0x000000000278c000 	/System/Library/Frameworks/Carbon.framework/Versions/A/Frameworks/HIToolbox.framework/Versions/A/HIToolbox
0x000000000278c000 	/usr/lib/libicucore.A.dylib
0x000000000278c000 	/System/Library/Frameworks/QuartzCore.framework/Versions/A/QuartzCore
0x000000000278c000 	/System/Library/Frameworks/Carbon.framework/Versions/A/Frameworks/SpeechRecognition.framework/Versions/A/SpeechRecognition
0x000000000278c000 	/usr/lib/libauto.dylib
0x000000000278c000 	/usr/lib/libxml2.2.dylib
0x000000000278c000 	/System/Library/PrivateFrameworks/CoreUI.framework/Versions/A/CoreUI
0x000000000278c000 	/System/Library/Frameworks/CoreAudio.framework/Versions/A/CoreAudio
0x000000000278c000 	/System/Library/Frameworks/DiskArbitration.framework/Versions/A/DiskArbitration
0x000000000278c000 	/usr/lib/liblangid.dylib
0x000000000278c000 	/System/Library/PrivateFrameworks/MultitouchSupport.framework/Versions/A/MultitouchSupport
0x000000000278c000 	/System/Library/Frameworks/IOKit.framework/Versions/A/IOKit
0x000000000278c000 	/usr/lib/libDiagnosticMessagesClient.dylib
0x000000000278c000 	/System/Library/Frameworks/CoreServices.framework/Versions/A/CoreServices
0x000000000278c000 	/System/Library/PrivateFrameworks/PerformanceAnalysis.framework/Versions/A/PerformanceAnalysis
0x000000000278c000 	/System/Library/Frameworks/OpenGL.framework/Versions/A/OpenGL
0x000000000278c000 	/System/Library/Frameworks/ColorSync.framework/Versions/A/ColorSync
0x000000000278c000 	/System/Library/Frameworks/CoreImage.framework/Versions/A/CoreImage
0x000000000278c000 	/System/Library/Frameworks/CoreText.framework/Versions/A/CoreText
0x000000000278c000 	/System/Library/Frameworks/ImageIO.framework/Versions/A/ImageIO
0x000000000278c000 	/System/Library/PrivateFrameworks/Backup.framework/Versions/A/Backup
0x000000000278c000 	/usr/lib/libarchive.2.dylib
0x000000000278c000 	/System/Library/Frameworks/CFNetwork.framework/Versions/A/CFNetwork
0x000000000278c000 	/System/Library/Frameworks/SystemConfiguration.framework/Versions/A/SystemConfiguration
0x000000000278c000 	/usr/lib/libCRFSuite.dylib
0x000000000278c000 	/usr/lib/libc++.1.dylib
0x000000000278c000 	/usr/lib/libc++abi.dylib
0x000000000278c000 	/usr/lib/system/libcache.dylib
0x000000000278c000 	/usr/lib/system/libcommonCrypto.dylib
0x000000000278c000 	/usr/lib/system/libcompiler_rt.dylib
0x000000000278c000 	/usr/lib/system/libcopyfile.dylib
0x000000000278c000 	/usr/lib/system/libcorecrypto.dylib
0x000000000278c000 	/usr/lib/system/libdispatch.dylib
0x000000000278c000 	/usr/lib/system/libdyld.dylib
0x000000000278c000 	/usr/lib/system/libkeymgr.dylib
0x000000000278c000 	/usr/lib/system/liblaunch.dylib
0x000000000278c000 	/usr/lib/system/libmacho.dylib
0x000000000278c000 	/usr/lib/system/libquarantine.dylib
0x000000000278c000 	/usr/lib/system/libremovefile.dylib
0x000000000278c000 	/usr/lib/system/libsystem_asl.dylib
0x000000000278c000 	/usr/lib/system/libsystem_blocks.dylib
0x000000000278c000 	/usr/lib/system/libsystem_c.dylib
0x000000000278c000 	/usr/lib/system/libsystem_configuration.dylib
0x000000000278c000 	/usr/lib/system/libsystem_coreservices.dylib
0x000000000278c000 	/usr/lib/system/libsystem_darwin.dylib
0x000000000278c000 	/usr/lib/system/libsystem_dnssd.dylib
0x000000000278c000 	/usr/lib/system/libsystem_info.dylib
0x000000000278c000 	/usr/lib/system/libsystem_m.dylib
0x000000000278c000 	/usr/lib/system/libsystem_malloc.dylib
0x000000000278c000 	/usr/lib/system/libsystem_network.dylib
0x000000000278c000 	/usr/lib/system/libsystem_networkextension.dylib
0x000000000278c000 	/usr/lib/system/libsystem_notify.dylib
0x000000000278c000 	/usr/lib/system/libsystem_sandbox.dylib
0x000000000278c000 	/usr/lib/system/libsystem_secinit.dylib
0x000000000278c000 	/usr/lib/system/libsystem_kernel.dylib
0x000000000278c000 	/usr/lib/system/libsystem_platform.dylib
0x000000000278c000 	/usr/lib/system/libsystem_pthread.dylib
0x000000000278c000 	/usr/lib/system/libsystem_symptoms.dylib
0x000000000278c000 	/usr/lib/system/libsystem_trace.dylib
0x000000000278c000 	/usr/lib/system/libunwind.dylib
0x000000000278c000 	/usr/lib/system/libxpc.dylib
0x000000000278c000 	/usr/lib/closure/libclosured.dylib
0x000000000278c000 	/usr/lib/libbsm.0.dylib
0x000000000278c000 	/usr/lib/system/libkxld.dylib
0x000000000278c000 	/usr/lib/libOpenScriptingUtil.dylib
0x000000000278c000 	/usr/lib/libcoretls.dylib
0x000000000278c000 	/usr/lib/libcoretls_cfhelpers.dylib
0x000000000278c000 	/usr/lib/libpam.2.dylib
0x000000000278c000 	/usr/lib/libsqlite3.dylib
0x000000000278c000 	/usr/lib/libxar.1.dylib
0x000000000278c000 	/usr/lib/libbz2.1.0.dylib
0x000000000278c000 	/usr/lib/liblzma.5.dylib
0x000000000278c000 	/usr/lib/libnetwork.dylib
0x000000000278c000 	/usr/lib/libapple_nghttp2.dylib
0x000000000278c000 	/usr/lib/libpcap.A.dylib
0x000000000278c000 	/usr/lib/libboringssl.dylib
0x000000000278c000 	/usr/lib/libusrtcp.dylib
0x000000000278c000 	/usr/lib/libapple_crypto.dylib
0x000000000278c000 	/System/Library/Frameworks/CoreServices.framework/Versions/A/Frameworks/FSEvents.framework/Versions/A/FSEvents
0x000000000278c000 	/System/Library/Frameworks/CoreServices.framework/Versions/A/Frameworks/CarbonCore.framework/Versions/A/CarbonCore
0x000000000278c000 	/System/Library/Frameworks/CoreServices.framework/Versions/A/Frameworks/Metadata.framework/Versions/A/Metadata
0x000000000278c000 	/System/Library/Frameworks/CoreServices.framework/Versions/A/Frameworks/OSServices.framework/Versions/A/OSServices
0x000000000278c000 	/System/Library/Frameworks/CoreServices.framework/Versions/A/Frameworks/SearchKit.framework/Versions/A/SearchKit
0x000000000278c000 	/System/Library/Frameworks/CoreServices.framework/Versions/A/Frameworks/AE.framework/Versions/A/AE
0x000000000278c000 	/System/Library/Frameworks/CoreServices.framework/Versions/A/Frameworks/LaunchServices.framework/Versions/A/LaunchServices
0x000000000278c000 	/System/Library/Frameworks/CoreServices.framework/Versions/A/Frameworks/DictionaryServices.framework/Versions/A/DictionaryServices
0x000000000278c000 	/System/Library/Frameworks/CoreServices.framework/Versions/A/Frameworks/SharedFileList.framework/Versions/A/SharedFileList
0x000000000278c000 	/System/Library/Frameworks/NetFS.framework/Versions/A/NetFS
0x000000000278c000 	/System/Library/PrivateFrameworks/NetAuth.framework/Versions/A/NetAuth
0x000000000278c000 	/System/Library/PrivateFrameworks/login.framework/Versions/A/Frameworks/loginsupport.framework/Versions/A/loginsupport
0x000000000278c000 	/System/Library/PrivateFrameworks/TCC.framework/Versions/A/TCC
0x000000000278c000 	/usr/lib/libmecabra.dylib
0x000000000278c000 	/System/Library/Frameworks/ApplicationServices.framework/Versions/A/Frameworks/ATS.framework/Versions/A/ATS
0x000000000278c000 	/System/Library/Frameworks/ApplicationServices.framework/Versions/A/Frameworks/ColorSyncLegacy.framework/Versions/A/ColorSyncLegacy
0x000000000278c000 	/System/Library/Frameworks/ApplicationServices.framework/Versions/A/Frameworks/HIServices.framework/Versions/A/HIServices
0x000000000278c000 	/System/Library/Frameworks/ApplicationServices.framework/Versions/A/Frameworks/LangAnalysis.framework/Versions/A/LangAnalysis
0x000000000278c000 	/System/Library/Frameworks/ApplicationServices.framework/Versions/A/Frameworks/PrintCore.framework/Versions/A/PrintCore
0x000000000278c000 	/System/Library/Frameworks/ApplicationServices.framework/Versions/A/Frameworks/QD.framework/Versions/A/QD
0x000000000278c000 	/System/Library/Frameworks/ApplicationServices.framework/Versions/A/Frameworks/SpeechSynthesis.framework/Versions/A/SpeechSynthesis
0x000000000278c000 	/System/Library/Frameworks/CoreDisplay.framework/Versions/A/CoreDisplay
0x000000000278c000 	/System/Library/Frameworks/Accelerate.framework/Versions/A/Frameworks/vImage.framework/Versions/A/vImage
0x000000000278c000 	/System/Library/Frameworks/Accelerate.framework/Versions/A/Frameworks/vecLib.framework/Versions/A/vecLib
0x000000000278c000 	/System/Library/Frameworks/Accelerate.framework/Versions/A/Frameworks/vecLib.framework/Versions/A/libvDSP.dylib
0x000000000278c000 	/System/Library/Frameworks/Accelerate.framework/Versions/A/Frameworks/vecLib.framework/Versions/A/libBNNS.dylib
0x000000000278c000 	/System/Library/Frameworks/Accelerate.framework/Versions/A/Frameworks/vecLib.framework/Versions/A/libQuadrature.dylib
0x000000000278c000 	/System/Library/Frameworks/Accelerate.framework/Versions/A/Frameworks/vecLib.framework/Versions/A/libvMisc.dylib
0x000000000278c000 	/System/Library/Frameworks/Accelerate.framework/Versions/A/Frameworks/vecLib.framework/Versions/A/libLAPACK.dylib
0x000000000278c000 	/System/Library/Frameworks/Accelerate.framework/Versions/A/Frameworks/vecLib.framework/Versions/A/libBLAS.dylib
0x000000000278c000 	/System/Library/Frameworks/Accelerate.framework/Versions/A/Frameworks/vecLib.framework/Versions/A/libLinearAlgebra.dylib
0x000000000278c000 	/System/Library/Frameworks/Accelerate.framework/Versions/A/Frameworks/vecLib.framework/Versions/A/libSparse.dylib
0x000000000278c000 	/System/Library/Frameworks/Accelerate.framework/Versions/A/Frameworks/vecLib.framework/Versions/A/libSparseBLAS.dylib
0x000000000278c000 	/System/Library/PrivateFrameworks/IOAccelerator.framework/Versions/A/IOAccelerator
0x000000000278c000 	/System/Library/PrivateFrameworks/IOPresentment.framework/Versions/A/IOPresentment
0x000000000278c000 	/System/Library/PrivateFrameworks/DSExternalDisplay.framework/Versions/A/DSExternalDisplay
0x000000000278c000 	/System/Library/Frameworks/OpenGL.framework/Versions/A/Libraries/libCoreFSCache.dylib
0x000000000278c000 	/System/Library/Frameworks/CoreVideo.framework/Versions/A/CoreVideo
0x000000000278c000 	/System/Library/PrivateFrameworks/GraphVisualizer.framework/Versions/A/GraphVisualizer
0x000000000278c000 	/System/Library/Frameworks/MetalPerformanceShaders.framework/Versions/A/MetalPerformanceShaders
0x000000000278c000 	/usr/lib/libFosl_dynamic.dylib
0x000000000278c000 	/System/Library/PrivateFrameworks/FaceCore.framework/Versions/A/FaceCore
0x000000000278c000 	/System/Library/Frameworks/OpenCL.framework/Versions/A/OpenCL
0x000000000278c000 	/usr/lib/libcompression.dylib
0x000000000278c000 	/System/Library/Frameworks/ApplicationServices.framework/Versions/A/Frameworks/ATS.framework/Versions/A/Resources/libFontParser.dylib
0x000000000278c000 	/System/Library/Frameworks/ApplicationServices.framework/Versions/A/Frameworks/ATS.framework/Versions/A/Resources/libFontRegistry.dylib
0x000000000278c000 	/System/Library/Frameworks/ImageIO.framework/Versions/A/Resources/libJPEG.dylib
0x000000000278c000 	/System/Library/Frameworks/ImageIO.framework/Versions/A/Resources/libTIFF.dylib
0x000000000278c000 	/System/Library/Frameworks/ImageIO.framework/Versions/A/Resources/libPng.dylib
0x000000000278c000 	/System/Library/Frameworks/ImageIO.framework/Versions/A/Resources/libGIF.dylib
0x000000000278c000 	/System/Library/Frameworks/ImageIO.framework/Versions/A/Resources/libJP2.dylib
0x000000000278c000 	/System/Library/Frameworks/ImageIO.framework/Versions/A/Resources/libRadiance.dylib
0x000000000278c000 	/System/Library/PrivateFrameworks/AppleJPEG.framework/Versions/A/AppleJPEG
0x000000000278c000 	/System/Library/PrivateFrameworks/MetalTools.framework/Versions/A/MetalTools
0x000000000278c000 	/System/Library/Frameworks/MetalPerformanceShaders.framework/Frameworks/MPSCore.framework/Versions/A/MPSCore
0x000000000278c000 	/System/Library/Frameworks/MetalPerformanceShaders.framework/Frameworks/MPSImage.framework/Versions/A/MPSImage
0x000000000278c000 	/System/Library/Frameworks/MetalPerformanceShaders.framework/Frameworks/MPSMatrix.framework/Versions/A/MPSMatrix
0x000000000278c000 	/System/Library/Frameworks/MetalPerformanceShaders.framework/Frameworks/MPSNeuralNetwork.framework/Versions/A/MPSNeuralNetwork
0x000000000278c000 	/System/Library/Frameworks/OpenGL.framework/Versions/A/Libraries/libGLU.dylib
0x000000000278c000 	/System/Library/Frameworks/OpenGL.framework/Versions/A/Libraries/libGFXShared.dylib
0x000000000278c000 	/System/Library/Frameworks/OpenGL.framework/Versions/A/Libraries/libGL.dylib
0x000000000278c000 	/System/Library/Frameworks/OpenGL.framework/Versions/A/Libraries/libGLImage.dylib
0x000000000278c000 	/System/Library/Frameworks/OpenGL.framework/Versions/A/Libraries/libCVMSPluginSupport.dylib
0x000000000278c000 	/System/Library/Frameworks/OpenGL.framework/Versions/A/Libraries/libCoreVMClient.dylib
0x000000000278c000 	/usr/lib/libcups.2.dylib
0x000000000278c000 	/System/Library/Frameworks/Kerberos.framework/Versions/A/Kerberos
0x000000000278c000 	/System/Library/Frameworks/GSS.framework/Versions/A/GSS
0x000000000278c000 	/usr/lib/libresolv.9.dylib
0x000000000278c000 	/usr/lib/libiconv.2.dylib
0x000000000278c000 	/System/Library/PrivateFrameworks/Heimdal.framework/Versions/A/Heimdal
0x000000000278c000 	/usr/lib/libheimdal-asn1.dylib
0x000000000278c000 	/System/Library/Frameworks/OpenDirectory.framework/Versions/A/OpenDirectory
0x000000000278c000 	/System/Library/PrivateFrameworks/CommonAuth.framework/Versions/A/CommonAuth
0x000000000278c000 	/System/Library/Frameworks/OpenDirectory.framework/Versions/A/Frameworks/CFOpenDirectory.framework/Versions/A/CFOpenDirectory
0x000000000278c000 	/System/Library/Frameworks/SecurityFoundation.framework/Versions/A/SecurityFoundation
0x000000000278c000 	/System/Library/PrivateFrameworks/APFS.framework/Versions/A/APFS
0x000000000278c000 	/usr/lib/libutil.dylib
0x000000000278c000 	/System/Library/PrivateFrameworks/AppleSauce.framework/Versions/A/AppleSauce
0x000000000278c000 	/System/Library/PrivateFrameworks/LinguisticData.framework/Versions/A/LinguisticData
0x000000000278c000 	/usr/lib/libmarisa.dylib
0x000000000278c000 	/System/Library/PrivateFrameworks/Lexicon.framework/Versions/A/Lexicon
0x000000000278c000 	/usr/lib/libChineseTokenizer.dylib
0x000000000278c000 	/usr/lib/libcmph.dylib
0x000000000278c000 	/System/Library/PrivateFrameworks/LanguageModeling.framework/Versions/A/LanguageModeling
0x000000000278c000 	/System/Library/PrivateFrameworks/CoreEmoji.framework/Versions/A/CoreEmoji
0x000000000278c000 	/System/Library/Frameworks/ServiceManagement.framework/Versions/A/ServiceManagement
0x000000000278c000 	/System/Library/PrivateFrameworks/BackgroundTaskManagement.framework/Versions/A/BackgroundTaskManagement
0x000000000278c000 	/usr/lib/libxslt.1.dylib
0x000000000278c000 	/System/Library/Frameworks/Carbon.framework/Versions/A/Frameworks/Ink.framework/Versions/A/Ink
0x000000000278c000 	/System/Library/PrivateFrameworks/TextureIO.framework/Versions/A/TextureIO
0x000000000278c000 	/usr/lib/libate.dylib
0x000000000278c000 	/System/Library/PrivateFrameworks/CrashReporterSupport.framework/Versions/A/CrashReporterSupport
0x000000000278c000 	/System/Library/PrivateFrameworks/Sharing.framework/Versions/A/Sharing
0x000000000278c000 	/System/Library/PrivateFrameworks/IconServices.framework/Versions/A/IconServices
0x000000000278c000 	/System/Library/PrivateFrameworks/ProtocolBuffer.framework/Versions/A/ProtocolBuffer
0x000000000278c000 	/System/Library/PrivateFrameworks/Apple80211.framework/Versions/A/Apple80211
0x000000000278c000 	/System/Library/Frameworks/CoreWLAN.framework/Versions/A/CoreWLAN
0x000000000278c000 	/System/Library/PrivateFrameworks/CoreUtils.framework/Versions/A/CoreUtils
0x000000000278c000 	/System/Library/Frameworks/IOBluetooth.framework/Versions/A/IOBluetooth
0x000000000278c000 	/System/Library/PrivateFrameworks/CoreWiFi.framework/Versions/A/CoreWiFi
0x000000000278c000 	/System/Library/Frameworks/CoreBluetooth.framework/Versions/A/CoreBluetooth
0x000000000278c000 	/System/Library/PrivateFrameworks/SignpostNotification.framework/Versions/A/SignpostNotification
0x000000000278c000 	/System/Library/PrivateFrameworks/DebugSymbols.framework/Versions/A/DebugSymbols
0x000000000278c000 	/System/Library/PrivateFrameworks/CoreSymbolication.framework/Versions/A/CoreSymbolication
0x000000000278c000 	/System/Library/PrivateFrameworks/Symbolication.framework/Versions/A/Symbolication
0x000000000278c000 	/System/Library/PrivateFrameworks/AppleFSCompression.framework/Versions/A/AppleFSCompression
0x000000000278c000 	/System/Library/PrivateFrameworks/SpeechRecognitionCore.framework/Versions/A/SpeechRecognitionCore
0x0000000106200000 	/Library/Java/JavaVirtualMachines/jdk1.8.0_51.jdk/Contents/Home/jre/lib/server/libjvm.dylib
0x000000000278c000 	/usr/lib/libstdc++.6.0.9.dylib
0x00000001051db000 	/Library/Java/JavaVirtualMachines/jdk1.8.0_51.jdk/Contents/Home/jre/lib/libverify.dylib
0x0000000107169000 	/Library/Java/JavaVirtualMachines/jdk1.8.0_51.jdk/Contents/Home/jre/lib/libjava.dylib
0x000000010719e000 	/Library/Java/JavaVirtualMachines/jdk1.8.0_51.jdk/Contents/Home/jre/lib/libinstrument.dylib
0x00000001051f4000 	/Library/Java/JavaVirtualMachines/jdk1.8.0_51.jdk/Contents/Home/jre/lib/libzip.dylib
0x000000000278c000 	/System/Library/Frameworks/JavaVM.framework/Versions/A/Frameworks/JavaRuntimeSupport.framework/Versions/A/JavaRuntimeSupport
0x000000000278c000 	/System/Library/Frameworks/JavaVM.framework/Versions/A/Frameworks/JavaNativeFoundation.framework/Versions/A/JavaNativeFoundation
0x000000000278c000 	/System/Library/Frameworks/JavaVM.framework/Versions/A/JavaVM
0x000000000278c000 	/System/Library/Frameworks/Carbon.framework/Versions/A/Carbon
0x000000000278c000 	/System/Library/PrivateFrameworks/JavaLaunching.framework/Versions/A/JavaLaunching
0x000000000278c000 	/System/Library/Frameworks/Carbon.framework/Versions/A/Frameworks/CommonPanels.framework/Versions/A/CommonPanels
0x000000000278c000 	/System/Library/Frameworks/Carbon.framework/Versions/A/Frameworks/Help.framework/Versions/A/Help
0x000000000278c000 	/System/Library/Frameworks/Carbon.framework/Versions/A/Frameworks/ImageCapture.framework/Versions/A/ImageCapture
0x000000000278c000 	/System/Library/Frameworks/Carbon.framework/Versions/A/Frameworks/OpenScripting.framework/Versions/A/OpenScripting
0x000000000278c000 	/System/Library/Frameworks/Carbon.framework/Versions/A/Frameworks/Print.framework/Versions/A/Print
0x000000000278c000 	/System/Library/Frameworks/Carbon.framework/Versions/A/Frameworks/SecurityHI.framework/Versions/A/SecurityHI
0x000000010cda2000 	/Library/Java/JavaVirtualMachines/jdk1.8.0_51.jdk/Contents/Home/jre/lib/libnet.dylib
0x000000010ce97000 	/Library/Java/JavaVirtualMachines/jdk1.8.0_51.jdk/Contents/Home/jre/lib/libprism_es2.dylib
0x000000000278c000 	/System/Library/PrivateFrameworks/CoreServicesInternal.framework/Versions/A/CoreServicesInternal
0x000000000278c000 	/System/Library/Frameworks/OpenGL.framework/Versions/A/Resources/GLEngine.bundle/GLEngine
0x000000000278c000 	/System/Library/Frameworks/OpenGL.framework/Versions/A/Libraries/libGLProgrammability.dylib
0x000000010cf41000 	/System/Library/Extensions/AppleIntelHD5000GraphicsGLDriver.bundle/Contents/MacOS/AppleIntelHD5000GraphicsGLDriver
0x000000000278c000 	/System/Library/PrivateFrameworks/GPUSupport.framework/Versions/A/Libraries/libGPUSupportMercury.dylib
0x000000000278c000 	/System/Library/Frameworks/OpenGL.framework/Versions/A/Resources/GLRendererFloat.bundle/GLRendererFloat
0x000000000278c000 	/System/Library/Frameworks/OpenCL.framework/Versions/A/Libraries/libcldcpuengine.dylib
0x000000000278c000 	/usr/lib/libcrypto.35.dylib
0x000000000278c000 	/System/Library/PrivateFrameworks/TrustEvaluationAgent.framework/Versions/A/TrustEvaluationAgent
0x000000010dad6000 	/Library/Java/JavaVirtualMachines/jdk1.8.0_51.jdk/Contents/Home/jre/lib/libglass.dylib
0x000000000278c000 	/System/Library/CoreServices/RawCamera.bundle/Contents/MacOS/RawCamera
0x000000000278c000 	/System/Library/PrivateFrameworks/MobileAsset.framework/Versions/A/MobileAsset
0x000000000278c000 	/System/Library/PrivateFrameworks/StreamingZip.framework/Versions/A/StreamingZip
0x000000000278c000 	/System/Library/Frameworks/MediaToolbox.framework/Versions/A/MediaToolbox
0x000000000278c000 	/System/Library/PrivateFrameworks/CoreAVCHD.framework/Versions/A/CoreAVCHD
0x000000000278c000 	/System/Library/Frameworks/MediaAccessibility.framework/Versions/A/MediaAccessibility
0x000000000278c000 	/System/Library/PrivateFrameworks/Mangrove.framework/Versions/A/Mangrove
0x000000000278c000 	/System/Library/Frameworks/CoreMedia.framework/Versions/A/CoreMedia
0x000000000278c000 	/System/Library/Frameworks/VideoToolbox.framework/Versions/A/VideoToolbox
0x000000000278c000 	/System/Library/PrivateFrameworks/CoreAUC.framework/Versions/A/CoreAUC
0x000000000278c000 	/usr/lib/libspindump.dylib
0x000000000278c000 	/usr/lib/libdscsym.dylib
0x000000000278c000 	/System/Library/PrivateFrameworks/AppleVA.framework/Versions/A/AppleVA
0x000000000278c000 	/System/Library/Frameworks/Accelerate.framework/Versions/A/Frameworks/vImage.framework/Versions/A/Libraries/libCGInterfaces.dylib
0x000000000278c000 	/System/Library/PrivateFrameworks/FamilyControls.framework/Versions/A/FamilyControls
0x000000000278c000 	/System/Library/PrivateFrameworks/CommerceKit.framework/Versions/A/Frameworks/CommerceCore.framework/Versions/A/CommerceCore
0x000000000278c000 	/System/Library/PrivateFrameworks/SystemAdministration.framework/Versions/A/SystemAdministration
0x000000000278c000 	/System/Library/PrivateFrameworks/AppContainer.framework/Versions/A/AppContainer
0x000000000278c000 	/System/Library/PrivateFrameworks/SecCodeWrapper.framework/Versions/A/SecCodeWrapper
0x000000000278c000 	/System/Library/PrivateFrameworks/DiskManagement.framework/Versions/A/DiskManagement
0x000000000278c000 	/System/Library/Frameworks/DirectoryService.framework/Versions/A/DirectoryService
0x000000000278c000 	/System/Library/PrivateFrameworks/DiskImages.framework/Versions/A/DiskImages
0x000000000278c000 	/System/Library/PrivateFrameworks/LoginUIKit.framework/Versions/A/Frameworks/LoginUICore.framework/Versions/A/LoginUICore
0x000000000278c000 	/usr/lib/libCoreStorage.dylib
0x000000000278c000 	/usr/lib/libcsfde.dylib
0x000000000278c000 	/usr/lib/libodfde.dylib
0x000000000278c000 	/System/Library/PrivateFrameworks/MediaKit.framework/Versions/A/MediaKit
0x000000000278c000 	/System/Library/Frameworks/DiscRecording.framework/Versions/A/DiscRecording
0x000000000278c000 	/System/Library/PrivateFrameworks/EFILogin.framework/Versions/A/EFILogin
0x000000000278c000 	/System/Library/PrivateFrameworks/ProtectedCloudStorage.framework/Versions/A/ProtectedCloudStorage
0x000000000278c000 	/usr/lib/libcurl.4.dylib
0x000000000278c000 	/usr/lib/libssl.35.dylib
0x000000000278c000 	/System/Library/Frameworks/LDAP.framework/Versions/A/LDAP
0x000000000278c000 	/usr/lib/libsasl2.2.dylib
0x000000000278c000 	/System/Library/PrivateFrameworks/CoreDaemon.framework/Versions/B/CoreDaemon
0x000000000278c000 	/System/Library/PrivateFrameworks/AppleSRP.framework/Versions/A/AppleSRP
0x000000010eebd000 	/Library/Java/JavaVirtualMachines/jdk1.8.0_51.jdk/Contents/Home/jre/lib/libjavafx_font.dylib
0x000000000278c000 	/System/Library/Frameworks/ApplicationServices.framework/Versions/A/Frameworks/ATS.framework/Versions/A/Resources/libTrueTypeScaler.dylib
0x000000000278c000 	/System/Library/Extensions/AppleIntelHD5000GraphicsMTLDriver.bundle/Contents/MacOS/AppleIntelHD5000GraphicsMTLDriver
0x000000000278c000 	/System/Library/PrivateFrameworks/GPUCompiler.framework/Versions/3802/Libraries/libmetal_timestamp.dylib
0x000000000278c000 	/System/Library/PrivateFrameworks/ViewBridge.framework/Versions/A/ViewBridge
0x000000012c61d000 	/Library/Java/JavaVirtualMachines/jdk1.8.0_51.jdk/Contents/Home/jre/lib/libawt.dylib
0x000000012c6c5000 	/Library/Java/JavaVirtualMachines/jdk1.8.0_51.jdk/Contents/Home/jre/lib/./libmlib_image.dylib
0x000000012c791000 	/Library/Java/JavaVirtualMachines/jdk1.8.0_51.jdk/Contents/Home/jre/lib/libawt_lwawt.dylib
0x000000012af38000 	/Library/Java/JavaVirtualMachines/jdk1.8.0_51.jdk/Contents/Home/jre/lib/./libosxapp.dylib
0x000000000278c000 	/System/Library/Frameworks/ExceptionHandling.framework/Versions/A/ExceptionHandling
0x000000012ca45000 	/Library/Java/JavaVirtualMachines/jdk1.8.0_51.jdk/Contents/Home/jre/lib/libfontmanager.dylib
0x000000010e21f000 	/Library/Java/JavaVirtualMachines/jdk1.8.0_51.jdk/Contents/Home/jre/lib/libosxui.dylib
0x0000000128eeb000 	/Library/Java/JavaVirtualMachines/jdk1.8.0_51.jdk/Contents/Home/jre/lib/libjsound.dylib
0x000000000278c000 	/System/Library/Frameworks/CoreMIDI.framework/Versions/A/CoreMIDI
0x000000000278c000 	/usr/lib/libexpat.1.dylib
0x0000000128efe000 	/System/Library/Extensions/AppleHDA.kext/Contents/PlugIns/AppleHDAHALPlugIn.bundle/Contents/MacOS/AppleHDAHALPlugIn
0x000000012fc7d000 	/System/Library/Components/CoreAudio.component/Contents/MacOS/CoreAudio
0x0000000128f49000 	/Library/Java/JavaVirtualMachines/jdk1.8.0_51.jdk/Contents/Home/jre/lib/libjpeg.dylib
0x0000000128f76000 	/Library/Java/JavaVirtualMachines/jdk1.8.0_51.jdk/Contents/Home/jre/lib/libnio.dylib

VM Arguments:
jvm_args: -javaagent:/Users/AmrGeneidy/Library/Application Support/JetBrains/Toolbox/apps/IDEA-U/ch-0/183.4886.37/IntelliJ IDEA.app/Contents/lib/idea_rt.jar=50439:/Users/AmrGeneidy/Library/Application Support/JetBrains/Toolbox/apps/IDEA-U/ch-0/183.4886.37/IntelliJ IDEA.app/Contents/bin -Dfile.encoding=UTF-8 
java_command: FirstMain
java_class_path (initial): /Library/Java/JavaVirtualMachines/jdk1.8.0_51.jdk/Contents/Home/jre/lib/charsets.jar:/Library/Java/JavaVirtualMachines/jdk1.8.0_51.jdk/Contents/Home/jre/lib/deploy.jar:/Library/Java/JavaVirtualMachines/jdk1.8.0_51.jdk/Contents/Home/jre/lib/ext/cldrdata.jar:/Library/Java/JavaVirtualMachines/jdk1.8.0_51.jdk/Contents/Home/jre/lib/ext/dnsns.jar:/Library/Java/JavaVirtualMachines/jdk1.8.0_51.jdk/Contents/Home/jre/lib/ext/jfxrt.jar:/Library/Java/JavaVirtualMachines/jdk1.8.0_51.jdk/Contents/Home/jre/lib/ext/localedata.jar:/Library/Java/JavaVirtualMachines/jdk1.8.0_51.jdk/Contents/Home/jre/lib/ext/nashorn.jar:/Library/Java/JavaVirtualMachines/jdk1.8.0_51.jdk/Contents/Home/jre/lib/ext/sunec.jar:/Library/Java/JavaVirtualMachines/jdk1.8.0_51.jdk/Contents/Home/jre/lib/ext/sunjce_provider.jar:/Library/Java/JavaVirtualMachines/jdk1.8.0_51.jdk/Contents/Home/jre/lib/ext/sunpkcs11.jar:/Library/Java/JavaVirtualMachines/jdk1.8.0_51.jdk/Contents/Home/jre/lib/ext/zipfs.jar:/Library/Java/JavaVirtualMachines/jdk1.8.0_51.jdk/Contents/Home/jre/lib/javaws.jar:/Library/Java/JavaVirtualMachines/jdk1.8.0_51.jdk/Contents/Home/jre/lib/jce.jar:/Library/Java/JavaVirtualMachines/jdk1.8.0_51.jdk/Contents/Home/jre/lib/jfr.jar:/Library/Java/JavaVirtualMachines/jdk1.8.0_51.jdk/Contents/Home/jre/lib/jfxswt.jar:/Library/Java/JavaVirtualMachines/jdk1.8.0_51.jdk/Contents/Home/jre/lib/jsse.jar:/Library/Java/JavaVirtualMachines/jdk1.8.0_51.jdk/Contents/Home/jre/lib/management-agent.jar:/Library/Java/JavaVirtualMachines/jdk1.8.0_51.jdk/Contents/Home/jre/lib/plugin.jar:/Library/Java/JavaVirtualMachines/jdk1.8.0_51.jdk/Contents/Home/jre/lib/resources.jar:/Library/Java/JavaVirtualMachines/jdk1.8.0_51.jdk/Contents/Home/jre/lib/rt.jar:/Library/Java/JavaVirtualMachines/jdk1.8.0_51.jdk/Contents/Home/lib/ant-javafx.jar:/Library/Java/JavaVirtualMachines/jdk1.8.0_51.jdk/Contents/Home/lib/dt.jar:/Library/Java/JavaVirtualMachines/jdk1.8.0_51.jdk/Contents/Home/lib/javafx-mx.jar:/Library/Java/Jav
Launcher Type: SUN_STANDARD

Environment Variables:
PATH=/usr/local/bin:/usr/bin:/bin:/usr/sbin:/sbin
SHELL=/bin/bash

Signal Handlers:
SIGSEGV: [libjvm.dylib+0x58ef35], sa_mask[0]=11111111011111110111111111111111, sa_flags=SA_ONSTACK|SA_RESTART|SA_SIGINFO
SIGBUS: [libjvm.dylib+0x58ef35], sa_mask[0]=11111111011111110111111111111111, sa_flags=SA_RESTART|SA_SIGINFO
SIGFPE: [libjvm.dylib+0x46c028], sa_mask[0]=11111111011111110111111111111111, sa_flags=SA_RESTART|SA_SIGINFO
SIGPIPE: [libjvm.dylib+0x46c028], sa_mask[0]=11111111011111110111111111111111, sa_flags=SA_RESTART|SA_SIGINFO
SIGXFSZ: [libjvm.dylib+0x46c028], sa_mask[0]=11111111011111110111111111111111, sa_flags=SA_RESTART|SA_SIGINFO
SIGILL: [libjvm.dylib+0x46c028], sa_mask[0]=11111111011111110111111111111111, sa_flags=SA_RESTART|SA_SIGINFO
SIGUSR1: SIG_DFL, sa_mask[0]=00000000000000000000000000000000, sa_flags=none
SIGUSR2: [libjvm.dylib+0x46bb46], sa_mask[0]=00100000000000000000000000000000, sa_flags=SA_RESTART|SA_SIGINFO
SIGHUP: [libjvm.dylib+0x46a119], sa_mask[0]=11111111011111110111111111111111, sa_flags=SA_RESTART|SA_SIGINFO
SIGINT: [libjvm.dylib+0x46a119], sa_mask[0]=11111111011111110111111111111111, sa_flags=SA_RESTART|SA_SIGINFO
SIGTERM: [libjvm.dylib+0x46a119], sa_mask[0]=11111111011111110111111111111111, sa_flags=SA_RESTART|SA_SIGINFO
SIGQUIT: [libjvm.dylib+0x46a119], sa_mask[0]=11111111011111110111111111111111, sa_flags=SA_RESTART|SA_SIGINFO


---------------  S Y S T E M  ---------------

OS:Bsduname:Darwin 17.4.0 Darwin Kernel Version 17.4.0: Sun Dec 17 09:19:54 PST 2017; root:xnu-4570.41.2~1/RELEASE_X86_64 x86_64
rlimit: STACK 8192k, CORE 0k, NPROC 1418, NOFILE 10240, AS infinity
load average:2.38 2.18 2.14

CPU:total 8 (4 cores per cpu, 2 threads per core) family 6 model 70 stepping 1, cmov, cx8, fxsr, mmx, sse, sse2, sse3, ssse3, sse4.1, sse4.2, popcnt, avx, avx2, aes, clmul, erms, lzcnt, ht, tsc, tscinvbit, bmi1, bmi2

Memory: 4k page, physical 16777216k(1731956k free)

/proc/meminfo:


vm_info: Java HotSpot(TM) 64-Bit Server VM (25.51-b03) for bsd-amd64 JRE (1.8.0_51-b16), built on Jun  8 2015 18:01:11 by "java_re" with gcc 4.2.1 (Based on Apple Inc. build 5658) (LLVM build 2336.11.00)

time: Mon Dec 24 04:03:17 2018
elapsed time: 7 seconds (0d 0h 0m 7s)

